<?xml version="1.0" encoding="UTF-8"?>
<testng-results ignored="0" total="3" passed="3" failed="0" skipped="0">
  <reporter-output>
  </reporter-output>
  <suite started-at="2024-07-31T15:50:37 CEST" name="Surefire suite" finished-at="2024-07-31T15:50:37 CEST" duration-ms="174">
    <groups>
    </groups>
    <test started-at="2024-07-31T15:50:37 CEST" name="Surefire test" finished-at="2024-07-31T15:50:37 CEST" duration-ms="174">
      <class name="com.org.AppTest">
        <test-method signature="testConvertToJson()[pri:0, instance:testConvertToJson(com.org.AppTest)]" started-at="2024-07-31T15:50:37 CEST" name="testConvertToJson" finished-at="2024-07-31T15:50:37 CEST" duration-ms="155" status="PASS">
          <reporter-output>
          </reporter-output>
        </test-method> <!-- testConvertToJson -->
        <test-method signature="testCapitalizeString()[pri:0, instance:testCapitalizeString(com.org.AppTest)]" started-at="2024-07-31T15:50:37 CEST" name="testCapitalizeString" finished-at="2024-07-31T15:50:37 CEST" duration-ms="10" status="PASS">
          <reporter-output>
          </reporter-output>
        </test-method> <!-- testCapitalizeString -->
        <test-method signature="testApp()[pri:0, instance:testApp(com.org.AppTest)]" started-at="2024-07-31T15:50:37 CEST" name="testApp" finished-at="2024-07-31T15:50:37 CEST" duration-ms="0" status="PASS">
          <reporter-output>
          </reporter-output>
        </test-method> <!-- testApp -->
      </class> <!-- com.org.AppTest -->
    </test> <!-- Surefire test -->
  </suite> <!-- Surefire suite -->
</testng-results>
