<?xml version="1.0" encoding="UTF-8"?>
<!-- Generated by org.testng.reporters.JUnitReportReporter -->
<testsuite hostname="Desktop-José" failures="0" tests="3" name="com.org.AppTest" time="0.165" errors="0" timestamp="2024-07-31T15:50:37 CEST" skipped="0">
  <testcase classname="com.org.AppTest" name="testConvertToJson" time="0.155"/>
  <system-out/>
  <testcase classname="com.org.AppTest" name="testCapitalizeString" time="0.010"/>
  <system-out/>
  <testcase classname="com.org.AppTest" name="testApp" time="0.000"/>
  <system-out/>
</testsuite> <!-- com.org.AppTest -->
